info it worked if it ends with ok
verbose cli [ 'node', '/usr/local/bin/npm', 'test' ]
info using npm@1.1.21
info using node@v0.6.18
verbose config file /Users/kevin/.npmrc
verbose config file /usr/local/etc/npmrc
verbose config file /usr/local/lib/node_modules/npm/npmrc
verbose caching /Users/kevin/Dev/OpenSourceProjects/Mine/examples-kmalakoff/package.json
verbose loadDefaults _examples-kmalakoff@0.0.1
verbose run-script [ 'pretest', 'test', 'posttest' ]
info pretest _examples-kmalakoff@0.0.1
info test _examples-kmalakoff@0.0.1
verbose unsafe-perm in lifecycle true
silly exec sh "-c" "cake -c test"
silly spawning [ 'sh',
silly spawning   [ '-c', 'cake -c test' ],
silly spawning   '/Users/kevin/Dev/OpenSourceProjects/Mine/examples-kmalakoff' ]
info _examples-kmalakoff@0.0.1 Failed to exec test script
ERR! _examples-kmalakoff@0.0.1 test: `cake -c test`
ERR! `sh "-c" "cake -c test"` failed with 1
ERR! 
ERR! Failed at the _examples-kmalakoff@0.0.1 test script.
ERR! This is most likely a problem with the _examples-kmalakoff package,
ERR! not with npm itself.
ERR! Tell the author that this fails on your system:
ERR!     cake -c test
ERR! You can get their info via:
ERR!     npm owner ls _examples-kmalakoff
ERR! There is likely additional logging output above.
ERR! 
ERR! System Darwin 11.4.0
ERR! command "node" "/usr/local/bin/npm" "test"
ERR! cwd /Users/kevin/Dev/OpenSourceProjects/Mine/examples-kmalakoff
ERR! node -v v0.6.18
ERR! npm -v 1.1.21
ERR! code ELIFECYCLE
ERR! message _examples-kmalakoff@0.0.1 test: `cake -c test`
ERR! message `sh "-c" "cake -c test"` failed with 1
ERR! errno {}
verbose exit [ 1, true ]
